2020-09-22 12:16:17  [ main:0 ] - [ DEBUG ]  Start Application...
2020-09-22 12:16:17  [ main:3 ] - [ DEBUG ]  Init >> Start
2020-09-22 12:16:17  [ main:4 ] - [ DEBUG ]  [配置文件系统] Init All Configs...
2020-09-22 12:16:17  [ main:5 ] - [ DEBUG ]  [配置文件系统] Create ArchiveBeans Folder
2020-09-22 12:16:17  [ main:5 ] - [ DEBUG ]  [配置文件系统] Init >> Application.json
2020-09-22 12:16:17  [ main:6 ] - [ DEBUG ]  [配置文件系统] Load Local File to Memory >> ApplicationConfig.json
2020-09-22 12:16:17  [ main:49 ] - [ DEBUG ]  [配置文件系统] Init >> GameVersionConfig.json
2020-09-22 12:16:17  [ main:69 ] - [ DEBUG ]  [配置文件系统] Init >> TempConfig.json
2020-09-22 12:16:17  [ main:71 ] - [ DEBUG ]  Init >> End
2020-09-22 12:16:28  [ JavaFX Application Thread:11015 ] - [ DEBUG ]  Shutdown >> End
2020-09-22 12:16:28  [ JavaFX Application Thread:11019 ] - [ DEBUG ]  Shutdown >> End
2020-09-22 12:17:29  [ main:0 ] - [ DEBUG ]  Start Application...
2020-09-22 12:17:29  [ main:1 ] - [ DEBUG ]  Init >> Start
2020-09-22 12:17:29  [ main:3 ] - [ DEBUG ]  [配置文件系统] Init All Configs...
2020-09-22 12:17:29  [ main:3 ] - [ DEBUG ]  [配置文件系统] Create ArchiveBeans Folder
2020-09-22 12:17:29  [ main:4 ] - [ DEBUG ]  [配置文件系统] Init >> Application.json
2020-09-22 12:17:29  [ main:5 ] - [ DEBUG ]  [配置文件系统] Load Local File to Memory >> ApplicationConfig.json
2020-09-22 12:17:29  [ main:49 ] - [ DEBUG ]  [配置文件系统] Init >> GameVersionConfig.json
2020-09-22 12:17:29  [ main:70 ] - [ DEBUG ]  [配置文件系统] Init >> TempConfig.json
2020-09-22 12:17:29  [ main:73 ] - [ DEBUG ]  Init >> End
2020-09-22 12:17:31  [ JavaFX Application Thread:2490 ] - [ DEBUG ]  Shutdown >> End
2020-09-22 12:17:31  [ JavaFX Application Thread:2494 ] - [ DEBUG ]  Shutdown >> End
2020-09-22 12:17:31  [ JavaFX Application Thread:2494 ] - [ DEBUG ]  End Application...
2020-09-22 12:18:22  [ main:0 ] - [ DEBUG ]  Start Application...
2020-09-22 12:18:22  [ main:2 ] - [ DEBUG ]  Init >> Start
2020-09-22 12:18:22  [ main:4 ] - [ DEBUG ]  [配置文件系统] Init All Configs...
2020-09-22 12:18:22  [ main:4 ] - [ DEBUG ]  [配置文件系统] Create ArchiveBeans Folder
2020-09-22 12:18:22  [ main:5 ] - [ DEBUG ]  [配置文件系统] Init >> Application.json
2020-09-22 12:18:22  [ main:6 ] - [ DEBUG ]  [配置文件系统] Load Local File to Memory >> ApplicationConfig.json
2020-09-22 12:18:22  [ main:48 ] - [ DEBUG ]  [配置文件系统] Init >> GameVersionConfig.json
2020-09-22 12:18:22  [ main:49 ] - [ DEBUG ]  [配置文件系统] Load Local File to Memory >> GameVersionConfig.json
2020-09-22 12:18:22  [ main:67 ] - [ DEBUG ]  [配置文件系统] Init >> TempConfig.json
2020-09-22 12:18:22  [ main:69 ] - [ DEBUG ]  [配置文件系统] Load Local File to Memory >> TempConfig.json
2020-09-22 12:18:22  [ main:70 ] - [ DEBUG ]  Init >> End
2020-09-22 12:18:25  [ JavaFX Application Thread:2578 ] - [ DEBUG ]  Shutdown >> End
2020-09-22 12:18:25  [ JavaFX Application Thread:2582 ] - [ DEBUG ]  Shutdown >> End
2020-09-22 12:18:25  [ JavaFX Application Thread:2583 ] - [ DEBUG ]  End Application...
2020-09-22 12:19:27  [ main:0 ] - [ DEBUG ]  Start Application...
2020-09-22 12:19:27  [ main:1 ] - [ DEBUG ]  Init >> Start
2020-09-22 12:19:27  [ main:3 ] - [ DEBUG ]  [配置文件系统] Init All Configs...
2020-09-22 12:19:27  [ main:3 ] - [ DEBUG ]  [配置文件系统] Create ArchiveBeans Folder
2020-09-22 12:19:27  [ main:4 ] - [ DEBUG ]  [配置文件系统] Init >> Application.json
2020-09-22 12:19:27  [ main:5 ] - [ DEBUG ]  [配置文件系统] Load Local File to Memory >> ApplicationConfig.json
2020-09-22 12:19:27  [ main:50 ] - [ DEBUG ]  [配置文件系统] Init >> GameVersionConfig.json
2020-09-22 12:19:27  [ main:51 ] - [ DEBUG ]  [配置文件系统] Load Local File to Memory >> GameVersionConfig.json
2020-09-22 12:19:27  [ main:72 ] - [ DEBUG ]  [配置文件系统] Init >> TempConfig.json
2020-09-22 12:19:27  [ main:73 ] - [ DEBUG ]  [配置文件系统] Load Local File to Memory >> TempConfig.json
2020-09-22 12:19:27  [ main:74 ] - [ DEBUG ]  Init >> End
2020-09-22 12:23:01  [ JavaFX Application Thread:213253 ] - [ DEBUG ]  Shutdown >> End
2020-09-22 12:23:01  [ JavaFX Application Thread:213254 ] - [ DEBUG ]  Shutdown >> End
2020-09-22 12:23:01  [ JavaFX Application Thread:213254 ] - [ DEBUG ]  End Application...
